#
# There is insufficient memory for the Java Runtime Environment to continue.
# Native memory allocation (mmap) failed to map 65536 bytes for Failed to commit metaspace.
# Possible reasons:
#   The system is out of physical RAM or swap space
#   The process is running with CompressedOops enabled, and the Java Heap may be blocking the growth of the native heap
# Possible solutions:
#   Reduce memory load on the system
#   Increase physical memory or swap space
#   Check if swap backing store is full
#   Decrease Java heap size (-Xmx/-Xms)
#   Decrease number of Java threads
#   Decrease Java thread stack sizes (-Xss)
#   Set larger code cache with -XX:ReservedCodeCacheSize=
#   JVM is running with Unscaled Compressed Oops mode in which the Java heap is
#     placed in the first 4GB address space. The Java Heap base address is the
#     maximum limit for the native heap growth. Please use -XX:HeapBaseMinAddress
#     to set the Java Heap base and to place the Java Heap above 4GB virtual address.
# This output file may be truncated or incomplete.
#
#  Out of Memory Error (virtualSpaceNode.cpp:108), pid=3084, tid=12912
#
# JRE version: OpenJDK Runtime Environment (16.0.1+9) (build 16.0.1+9-24)
# Java VM: OpenJDK 64-Bit Server VM (16.0.1+9-24, mixed mode, sharing, tiered, compressed oops, compressed class ptrs, g1 gc, windows-amd64)
# No core dump will be written. Minidumps are not enabled by default on client versions of Windows
#

---------------  S U M M A R Y ------------

Command Line: -Dcom.sun.management.jmxremote -Dcom.sun.management.jmxremote.port=60311 -Dcom.sun.management.jmxremote.authenticate=false -Dcom.sun.management.jmxremote.ssl=false -Djava.rmi.server.hostname=localhost -Dspring.jmx.enabled=true -Dspring.application.admin.enabled=true -XX:TieredStopAtLevel=1 -Dspring.boot.project.name=springboot-WCT -Dfile.encoding=UTF-8 -XX:+ShowCodeDetailsInExceptionMessages com.proyecto.SpringbootWctApplication

Host: Intel(R) Core(TM) i5-10210U CPU @ 1.60GHz, 8 cores, 3G,  Windows 10 , 64 bit Build 19041 (10.0.19041.1645)
Time: Sun Apr 24 16:21:48 2022 Hora est. Pacífico, Sudamérica elapsed time: 3.299820 seconds (0d 0h 0m 3s)

---------------  T H R E A D  ---------------

Current thread (0x0000023870fe9610):  JavaThread "restartedMain" [_thread_in_vm, id=12912, stack(0x000000b2cdf00000,0x000000b2ce000000)]

Stack: [0x000000b2cdf00000,0x000000b2ce000000]
Native frames: (J=compiled Java code, j=interpreted, Vv=VM code, C=native code)
V  [jvm.dll+0x6687ca]
V  [jvm.dll+0x7ca3c9]
V  [jvm.dll+0x7cbb53]
V  [jvm.dll+0x7cc1b3]
V  [jvm.dll+0x242ea5]
V  [jvm.dll+0x7c6a4b]
V  [jvm.dll+0x60e436]
V  [jvm.dll+0x1be93e]
V  [jvm.dll+0x610b91]
V  [jvm.dll+0x60ed31]
V  [jvm.dll+0x362f4a]
V  [jvm.dll+0x1e113f]
V  [jvm.dll+0x536752]
V  [jvm.dll+0x743011]
V  [jvm.dll+0x40775f]
V  [jvm.dll+0x40da82]
C  [java.dll+0x17c8]

Java frames: (J=compiled Java code, j=interpreted, Vv=VM code)
J 1175  java.lang.ClassLoader.defineClass1(Ljava/lang/ClassLoader;Ljava/lang/String;[BIILjava/security/ProtectionDomain;Ljava/lang/String;)Ljava/lang/Class; java.base@16.0.1 (0 bytes) @ 0x000002385c4e068b [0x000002385c4e05c0+0x00000000000000cb]
J 1339 c1 java.lang.ClassLoader.defineClass(Ljava/lang/String;[BIILjava/security/ProtectionDomain;)Ljava/lang/Class; java.base@16.0.1 (43 bytes) @ 0x000002385c528c5c [0x000002385c528b60+0x00000000000000fc]
J 1183 c1 jdk.internal.loader.BuiltinClassLoader.defineClass(Ljava/lang/String;Ljdk/internal/loader/Resource;)Ljava/lang/Class; java.base@16.0.1 (121 bytes) @ 0x000002385c4e7d64 [0x000002385c4e78a0+0x00000000000004c4]
J 1172 c1 jdk.internal.loader.BuiltinClassLoader.findClassOnClassPathOrNull(Ljava/lang/String;)Ljava/lang/Class; java.base@16.0.1 (64 bytes) @ 0x000002385c4e0edc [0x000002385c4e0c20+0x00000000000002bc]
J 974 c1 jdk.internal.loader.BuiltinClassLoader.loadClassOrNull(Ljava/lang/String;Z)Ljava/lang/Class; java.base@16.0.1 (143 bytes) @ 0x000002385c488314 [0x000002385c487ea0+0x0000000000000474]
J 1088 c1 jdk.internal.loader.ClassLoaders$AppClassLoader.loadClass(Ljava/lang/String;Z)Ljava/lang/Class; java.base@16.0.1 (40 bytes) @ 0x000002385c4be5c4 [0x000002385c4be480+0x0000000000000144]
J 1076 c1 java.lang.ClassLoader.loadClass(Ljava/lang/String;)Ljava/lang/Class; java.base@16.0.1 (7 bytes) @ 0x000002385c4b6d84 [0x000002385c4b6d40+0x0000000000000044]
v  ~StubRoutines::call_stub
j  org.springframework.boot.context.properties.bind.ValueObjectBinder.getDefaultValue(Lorg/springframework/boot/context/properties/bind/Binder$Context;Lorg/springframework/boot/context/properties/bind/ValueObjectBinder$ConstructorParameter;)Ljava/lang/Object;+39
j  org.springframework.boot.context.properties.bind.ValueObjectBinder.bind(Lorg/springframework/boot/context/properties/source/ConfigurationPropertyName;Lorg/springframework/boot/context/properties/bind/Bindable;Lorg/springframework/boot/context/properties/bind/Binder$Context;Lorg/springframework/boot/context/properties/bind/DataObjectPropertyBinder;)Ljava/lang/Object;+126
j  org.springframework.boot.context.properties.bind.Binder.lambda$bindDataObject$5(Lorg/springframework/boot/context/properties/source/ConfigurationPropertyName;Lorg/springframework/boot/context/properties/bind/Bindable;Lorg/springframework/boot/context/properties/bind/Binder$Context;Lorg/springframework/boot/context/properties/bind/DataObjectPropertyBinder;)Ljava/lang/Object;+40
j  org.springframework.boot.context.properties.bind.Binder$$Lambda$201+0x0000000800d31a20.get()Ljava/lang/Object;+20
j  org.springframework.boot.context.properties.bind.Binder$Context.withIncreasedDepth(Ljava/util/function/Supplier;)Ljava/lang/Object;+5
j  org.springframework.boot.context.properties.bind.Binder$Context.withDataObject(Ljava/lang/Class;Ljava/util/function/Supplier;)Ljava/lang/Object;+12
j  org.springframework.boot.context.properties.bind.Binder$Context.access$300(Lorg/springframework/boot/context/properties/bind/Binder$Context;Ljava/lang/Class;Ljava/util/function/Supplier;)Ljava/lang/Object;+3
j  org.springframework.boot.context.properties.bind.Binder.bindDataObject(Lorg/springframework/boot/context/properties/source/ConfigurationPropertyName;Lorg/springframework/boot/context/properties/bind/Bindable;Lorg/springframework/boot/context/properties/bind/BindHandler;Lorg/springframework/boot/context/properties/bind/Binder$Context;Z)Ljava/lang/Object;+69
j  org.springframework.boot.context.properties.bind.Binder.bindObject(Lorg/springframework/boot/context/properties/source/ConfigurationPropertyName;Lorg/springframework/boot/context/properties/bind/Bindable;Lorg/springframework/boot/context/properties/bind/BindHandler;Lorg/springframework/boot/context/properties/bind/Binder$Context;Z)Ljava/lang/Object;+113
j  org.springframework.boot.context.properties.bind.Binder.bind(Lorg/springframework/boot/context/properties/source/ConfigurationPropertyName;Lorg/springframework/boot/context/properties/bind/Bindable;Lorg/springframework/boot/context/properties/bind/BindHandler;Lorg/springframework/boot/context/properties/bind/Binder$Context;ZZ)Ljava/lang/Object;+41
j  org.springframework.boot.context.properties.bind.Binder.bind(Lorg/springframework/boot/context/properties/source/ConfigurationPropertyName;Lorg/springframework/boot/context/properties/bind/Bindable;Lorg/springframework/boot/context/properties/bind/BindHandler;Z)Ljava/lang/Object;+44
j  org.springframework.boot.context.properties.bind.Binder.bind(Lorg/springframework/boot/context/properties/source/ConfigurationPropertyName;Lorg/springframework/boot/context/properties/bind/Bindable;Lorg/springframework/boot/context/properties/bind/BindHandler;)Lorg/springframework/boot/context/properties/bind/BindResult;+5
j  org.springframework.boot.context.config.ConfigDataProperties.get(Lorg/springframework/boot/context/properties/bind/Binder;)Lorg/springframework/boot/context/config/ConfigDataProperties;+42
j  org.springframework.boot.context.config.ConfigDataEnvironmentContributor.withBoundProperties(Ljava/lang/Iterable;Lorg/springframework/boot/context/config/ConfigDataActivationContext;)Lorg/springframework/boot/context/config/ConfigDataEnvironmentContributor;+43
j  org.springframework.boot.context.config.ConfigDataEnvironmentContributors.withProcessedImports(Lorg/springframework/boot/context/config/ConfigDataImporter;Lorg/springframework/boot/context/config/ConfigDataActivationContext;)Lorg/springframework/boot/context/config/ConfigDataEnvironmentContributors;+89
j  org.springframework.boot.context.config.ConfigDataEnvironment.processInitial(Lorg/springframework/boot/context/config/ConfigDataEnvironmentContributors;Lorg/springframework/boot/context/config/ConfigDataImporter;)Lorg/springframework/boot/context/config/ConfigDataEnvironmentContributors;+14
j  org.springframework.boot.context.config.ConfigDataEnvironment.processAndApply()V+42
j  org.springframework.boot.context.config.ConfigDataEnvironmentPostProcessor.postProcessEnvironment(Lorg/springframework/core/env/ConfigurableEnvironment;Lorg/springframework/core/io/ResourceLoader;Ljava/util/Collection;)V+34
j  org.springframework.boot.context.config.ConfigDataEnvironmentPostProcessor.postProcessEnvironment(Lorg/springframework/core/env/ConfigurableEnvironment;Lorg/springframework/boot/SpringApplication;)V+10
j  org.springframework.boot.env.EnvironmentPostProcessorApplicationListener.onApplicationEnvironmentPreparedEvent(Lorg/springframework/boot/context/event/ApplicationEnvironmentPreparedEvent;)V+55
j  org.springframework.boot.env.EnvironmentPostProcessorApplicationListener.onApplicationEvent(Lorg/springframework/context/ApplicationEvent;)V+12
j  org.springframework.context.event.SimpleApplicationEventMulticaster.doInvokeListener(Lorg/springframework/context/ApplicationListener;Lorg/springframework/context/ApplicationEvent;)V+2
j  org.springframework.context.event.SimpleApplicationEventMulticaster.invokeListener(Lorg/springframework/context/ApplicationListener;Lorg/springframework/context/ApplicationEvent;)V+34
j  org.springframework.context.event.SimpleApplicationEventMulticaster.multicastEvent(Lorg/springframework/context/ApplicationEvent;Lorg/springframework/core/ResolvableType;)V+83
j  org.springframework.context.event.SimpleApplicationEventMulticaster.multicastEvent(Lorg/springframework/context/ApplicationEvent;)V+7
j  org.springframework.boot.context.event.EventPublishingRunListener.environmentPrepared(Lorg/springframework/boot/ConfigurableBootstrapContext;Lorg/springframework/core/env/ConfigurableEnvironment;)V+21
j  org.springframework.boot.SpringApplicationRunListeners.lambda$environmentPrepared$2(Lorg/springframework/boot/ConfigurableBootstrapContext;Lorg/springframework/core/env/ConfigurableEnvironment;Lorg/springframework/boot/SpringApplicationRunListener;)V+3
j  org.springframework.boot.SpringApplicationRunListeners$$Lambda$176+0x0000000800d264b0.accept(Ljava/lang/Object;)V+12
j  java.util.ArrayList.forEach(Ljava/util/function/Consumer;)V+46 java.base@16.0.1
j  org.springframework.boot.SpringApplicationRunListeners.doWithListeners(Ljava/lang/String;Ljava/util/function/Consumer;Ljava/util/function/Consumer;)V+17
j  org.springframework.boot.SpringApplicationRunListeners.doWithListeners(Ljava/lang/String;Ljava/util/function/Consumer;)V+4
j  org.springframework.boot.SpringApplicationRunListeners.environmentPrepared(Lorg/springframework/boot/ConfigurableBootstrapContext;Lorg/springframework/core/env/ConfigurableEnvironment;)V+10
j  org.springframework.boot.SpringApplication.prepareEnvironment(Lorg/springframework/boot/SpringApplicationRunListeners;Lorg/springframework/boot/DefaultBootstrapContext;Lorg/springframework/boot/ApplicationArguments;)Lorg/springframework/core/env/ConfigurableEnvironment;+27
j  org.springframework.boot.SpringApplication.run([Ljava/lang/String;)Lorg/springframework/context/ConfigurableApplicationContext;+52
j  org.springframework.boot.SpringApplication.run([Ljava/lang/Class;[Ljava/lang/String;)Lorg/springframework/context/ConfigurableApplicationContext;+9
j  org.springframework.boot.SpringApplication.run(Ljava/lang/Class;[Ljava/lang/String;)Lorg/springframework/context/ConfigurableApplicationContext;+9
j  com.proyecto.SpringbootWctApplication.main([Ljava/lang/String;)V+3
v  ~StubRoutines::call_stub
j  jdk.internal.reflect.NativeMethodAccessorImpl.invoke0(Ljava/lang/reflect/Method;Ljava/lang/Object;[Ljava/lang/Object;)Ljava/lang/Object;+0 java.base@16.0.1
j  jdk.internal.reflect.NativeMethodAccessorImpl.invoke(Ljava/lang/Object;[Ljava/lang/Object;)Ljava/lang/Object;+146 java.base@16.0.1
j  jdk.internal.reflect.DelegatingMethodAccessorImpl.invoke(Ljava/lang/Object;[Ljava/lang/Object;)Ljava/lang/Object;+6 java.base@16.0.1
j  java.lang.reflect.Method.invoke(Ljava/lang/Object;[Ljava/lang/Object;)Ljava/lang/Object;+59 java.base@16.0.1
j  org.springframework.boot.devtools.restart.RestartLauncher.run()V+42
v  ~StubRoutines::call_stub

---------------  P R O C E S S  ---------------

Threads class SMR info:
_java_thread_list=0x000002387108c3a0, length=20, elements={
0x000002385449a360, 0x0000023854556270, 0x0000023854557040, 0x00000238545645b0,
0x0000023854566ed0, 0x000002385456cc10, 0x000002386fc6ba90, 0x000002385456d130,
0x000002385456e6a0, 0x0000023870820040, 0x000002387085e7b0, 0x0000023870c563a0,
0x0000023870c622a0, 0x0000023870c51100, 0x0000023870fe90f0, 0x0000023870fe9610,
0x000002387106b920, 0x0000023871093bb0, 0x00000238710b8da0, 0x0000023871130000
}

Java Threads: ( => current thread )
  0x000002385449a360 JavaThread "main" [_thread_blocked, id=4780, stack(0x000000b2cc000000,0x000000b2cc100000)]
  0x0000023854556270 JavaThread "Reference Handler" daemon [_thread_blocked, id=16052, stack(0x000000b2cc700000,0x000000b2cc800000)]
  0x0000023854557040 JavaThread "Finalizer" daemon [_thread_blocked, id=2408, stack(0x000000b2cc800000,0x000000b2cc900000)]
  0x00000238545645b0 JavaThread "Signal Dispatcher" daemon [_thread_blocked, id=3404, stack(0x000000b2cc900000,0x000000b2cca00000)]
  0x0000023854566ed0 JavaThread "Attach Listener" daemon [_thread_blocked, id=13840, stack(0x000000b2cca00000,0x000000b2ccb00000)]
  0x000002385456cc10 JavaThread "Service Thread" daemon [_thread_blocked, id=17584, stack(0x000000b2ccb00000,0x000000b2ccc00000)]
  0x000002386fc6ba90 JavaThread "Monitor Deflation Thread" daemon [_thread_blocked, id=10784, stack(0x000000b2ccc00000,0x000000b2ccd00000)]
  0x000002385456d130 JavaThread "C1 CompilerThread0" daemon [_thread_blocked, id=1068, stack(0x000000b2ccd00000,0x000000b2cce00000)]
  0x000002385456e6a0 JavaThread "Sweeper thread" daemon [_thread_blocked, id=5788, stack(0x000000b2cce00000,0x000000b2ccf00000)]
  0x0000023870820040 JavaThread "Common-Cleaner" daemon [_thread_blocked, id=4472, stack(0x000000b2ccf00000,0x000000b2cd000000)]
  0x000002387085e7b0 JavaThread "Notification Thread" daemon [_thread_blocked, id=11804, stack(0x000000b2cd000000,0x000000b2cd100000)]
  0x0000023870c563a0 JavaThread "RMI TCP Accept-0" daemon [_thread_in_native, id=5604, stack(0x000000b2cd100000,0x000000b2cd200000)]
  0x0000023870c622a0 JavaThread "RMI TCP Accept-60311" daemon [_thread_in_native, id=13376, stack(0x000000b2cd200000,0x000000b2cd300000)]
  0x0000023870c51100 JavaThread "RMI TCP Accept-0" daemon [_thread_in_native, id=17092, stack(0x000000b2cd300000,0x000000b2cd400000)]
  0x0000023870fe90f0 JavaThread "Thread-0" [_thread_blocked, id=15844, stack(0x000000b2cde00000,0x000000b2cdf00000)]
=>0x0000023870fe9610 JavaThread "restartedMain" [_thread_in_vm, id=12912, stack(0x000000b2cdf00000,0x000000b2ce000000)]
  0x000002387106b920 JavaThread "RMI TCP Connection(1)-127.0.0.1" daemon [_thread_in_native, id=5464, stack(0x000000b2ce000000,0x000000b2ce100000)]
  0x0000023871093bb0 JavaThread "RMI Scheduler(0)" daemon [_thread_blocked, id=7780, stack(0x000000b2ce100000,0x000000b2ce200000)]
  0x00000238710b8da0 JavaThread "RMI TCP Connection(2)-127.0.0.1" daemon [_thread_in_vm, id=8660, stack(0x000000b2ce200000,0x000000b2ce300000)]
  0x0000023871130000 JavaThread "JMX server connection timeout 25" daemon [_thread_blocked, id=16496, stack(0x000000b2ce300000,0x000000b2ce400000)]

Other Threads:
  0x000002385454e700 VMThread "VM Thread" [stack: 0x000000b2cc600000,0x000000b2cc700000] [id=7472]
  0x0000023870c51620 WatcherThread [stack: 0x000000b2cd400000,0x000000b2cd500000] [id=8392]
  0x00000238544c7180 GCTaskThread "GC Thread#0" [stack: 0x000000b2cc100000,0x000000b2cc200000] [id=9136]
  0x0000023870f6cf10 GCTaskThread "GC Thread#1" [stack: 0x000000b2cd500000,0x000000b2cd600000] [id=12220]
  0x0000023870fa1740 GCTaskThread "GC Thread#2" [stack: 0x000000b2cd600000,0x000000b2cd700000] [id=8912]
  0x0000023870fa1a50 GCTaskThread "GC Thread#3" [stack: 0x000000b2cd700000,0x000000b2cd800000] [id=15212]
  0x0000023870fa1d60 GCTaskThread "GC Thread#4" [stack: 0x000000b2cd800000,0x000000b2cd900000] [id=17224]
  0x0000023870fa2070 GCTaskThread "GC Thread#5" [stack: 0x000000b2cd900000,0x000000b2cda00000] [id=7872]
  0x0000023870fde290 GCTaskThread "GC Thread#6" [stack: 0x000000b2cda00000,0x000000b2cdb00000] [id=4988]
  0x0000023870fe05b0 GCTaskThread "GC Thread#7" [stack: 0x000000b2cdb00000,0x000000b2cdc00000] [id=17628]
  0x00000238544d0820 ConcurrentGCThread "G1 Main Marker" [stack: 0x000000b2cc200000,0x000000b2cc300000] [id=15948]
  0x00000238544d2950 ConcurrentGCThread "G1 Conc#0" [stack: 0x000000b2cc300000,0x000000b2cc400000] [id=18036]
  0x00000238545225d0 ConcurrentGCThread "G1 Refine#0" [stack: 0x000000b2cc400000,0x000000b2cc500000] [id=16488]
  0x0000023870fa2990 ConcurrentGCThread "G1 Refine#1" [stack: 0x000000b2cdc00000,0x000000b2cdd00000] [id=12148]
  0x0000023870fa2cd0 ConcurrentGCThread "G1 Refine#2" [stack: 0x000000b2cdd00000,0x000000b2cde00000] [id=17148]
  0x0000023854522f60 ConcurrentGCThread "G1 Service" [stack: 0x000000b2cc500000,0x000000b2cc600000] [id=7632]

Threads with active compile tasks:

VM state: not at safepoint (normal execution)

VM Mutex/Monitor currently owned by a thread:  ([mutex/lock_event])
[0x00000238544945b0] MetaspaceExpand_lock - owner thread: 0x0000023870fe9610

Heap address: 0x00000000c4600000, size: 954 MB, Compressed Oops mode: 32-bit

CDS archive(s) mapped at: [0x0000000800000000-0x0000000800bb0000-0x0000000800bb0000), size 12255232, SharedBaseAddress: 0x0000000800000000, ArchiveRelocationMode: 0.
Compressed class space mapped at: 0x0000000800c00000-0x0000000840c00000, reserved size: 1073741824
Narrow klass base: 0x0000000800000000, Narrow klass shift: 3, Narrow klass range: 0x100000000

GC Precious Log:
 CPUs: 8 total, 8 available
 Memory: 3812M
 Large Page Support: Disabled
 NUMA Support: Disabled
 Compressed Oops: Enabled (32-bit)
 Heap Region Size: 1M
 Heap Min Capacity: 8M
 Heap Initial Capacity: 60M
 Heap Max Capacity: 954M
 Pre-touch: Disabled
 Parallel Workers: 8
 Concurrent Workers: 2
 Concurrent Refinement Workers: 8
 Periodic GC: Disabled

Heap:
 garbage-first heap   total 61440K, used 16806K [0x00000000c4600000, 0x0000000100000000)
  region size 1024K, 11 young (11264K), 1 survivors (1024K)
 Metaspace       used 9910K, committed 10112K, reserved 1064960K
  class space    used 1288K, committed 1344K, reserved 1048576K

Heap Regions: E=young(eden), S=young(survivor), O=old, HS=humongous(starts), HC=humongous(continues), CS=collection set, F=free, OA=open archive, CA=closed archive, TAMS=top-at-mark-start (previous, next)
|   0|0x00000000c4600000, 0x00000000c4700000, 0x00000000c4700000|100%|HS|  |TAMS 0x00000000c4600000, 0x00000000c4600000| Complete 
|   1|0x00000000c4700000, 0x00000000c4800000, 0x00000000c4800000|100%| O|  |TAMS 0x00000000c4700000, 0x00000000c4700000| Untracked 
|   2|0x00000000c4800000, 0x00000000c4900000, 0x00000000c4900000|100%| O|  |TAMS 0x00000000c4800000, 0x00000000c4800000| Untracked 
|   3|0x00000000c4900000, 0x00000000c4a00000, 0x00000000c4a00000|100%| O|  |TAMS 0x00000000c4900000, 0x00000000c4900000| Untracked 
|   4|0x00000000c4a00000, 0x00000000c4b00000, 0x00000000c4b00000|100%| O|  |TAMS 0x00000000c4a00000, 0x00000000c4a00000| Untracked 
|   5|0x00000000c4b00000, 0x00000000c4c00000, 0x00000000c4c00000|100%| O|  |TAMS 0x00000000c4b00000, 0x00000000c4b00000| Untracked 
|   6|0x00000000c4c00000, 0x00000000c4d00000, 0x00000000c4d00000|100%| O|  |TAMS 0x00000000c4c00000, 0x00000000c4c00000| Untracked 
|   7|0x00000000c4d00000, 0x00000000c4d00000, 0x00000000c4e00000|  0%| F|  |TAMS 0x00000000c4d00000, 0x00000000c4d00000| Untracked 
|   8|0x00000000c4e00000, 0x00000000c4e00000, 0x00000000c4f00000|  0%| F|  |TAMS 0x00000000c4e00000, 0x00000000c4e00000| Untracked 
|   9|0x00000000c4f00000, 0x00000000c4f00000, 0x00000000c5000000|  0%| F|  |TAMS 0x00000000c4f00000, 0x00000000c4f00000| Untracked 
|  10|0x00000000c5000000, 0x00000000c5000000, 0x00000000c5100000|  0%| F|  |TAMS 0x00000000c5000000, 0x00000000c5000000| Untracked 
|  11|0x00000000c5100000, 0x00000000c5100000, 0x00000000c5200000|  0%| F|  |TAMS 0x00000000c5100000, 0x00000000c5100000| Untracked 
|  12|0x00000000c5200000, 0x00000000c5200000, 0x00000000c5300000|  0%| F|  |TAMS 0x00000000c5200000, 0x00000000c5200000| Untracked 
|  13|0x00000000c5300000, 0x00000000c5300000, 0x00000000c5400000|  0%| F|  |TAMS 0x00000000c5300000, 0x00000000c5300000| Untracked 
|  14|0x00000000c5400000, 0x00000000c5400000, 0x00000000c5500000|  0%| F|  |TAMS 0x00000000c5400000, 0x00000000c5400000| Untracked 
|  15|0x00000000c5500000, 0x00000000c5500000, 0x00000000c5600000|  0%| F|  |TAMS 0x00000000c5500000, 0x00000000c5500000| Untracked 
|  16|0x00000000c5600000, 0x00000000c5600000, 0x00000000c5700000|  0%| F|  |TAMS 0x00000000c5600000, 0x00000000c5600000| Untracked 
|  17|0x00000000c5700000, 0x00000000c5700000, 0x00000000c5800000|  0%| F|  |TAMS 0x00000000c5700000, 0x00000000c5700000| Untracked 
|  18|0x00000000c5800000, 0x00000000c5800000, 0x00000000c5900000|  0%| F|  |TAMS 0x00000000c5800000, 0x00000000c5800000| Untracked 
|  19|0x00000000c5900000, 0x00000000c5900000, 0x00000000c5a00000|  0%| F|  |TAMS 0x00000000c5900000, 0x00000000c5900000| Untracked 
|  20|0x00000000c5a00000, 0x00000000c5a00000, 0x00000000c5b00000|  0%| F|  |TAMS 0x00000000c5a00000, 0x00000000c5a00000| Untracked 
|  21|0x00000000c5b00000, 0x00000000c5b00000, 0x00000000c5c00000|  0%| F|  |TAMS 0x00000000c5b00000, 0x00000000c5b00000| Untracked 
|  22|0x00000000c5c00000, 0x00000000c5c00000, 0x00000000c5d00000|  0%| F|  |TAMS 0x00000000c5c00000, 0x00000000c5c00000| Untracked 
|  23|0x00000000c5d00000, 0x00000000c5d00000, 0x00000000c5e00000|  0%| F|  |TAMS 0x00000000c5d00000, 0x00000000c5d00000| Untracked 
|  24|0x00000000c5e00000, 0x00000000c5e00000, 0x00000000c5f00000|  0%| F|  |TAMS 0x00000000c5e00000, 0x00000000c5e00000| Untracked 
|  25|0x00000000c5f00000, 0x00000000c5f00000, 0x00000000c6000000|  0%| F|  |TAMS 0x00000000c5f00000, 0x00000000c5f00000| Untracked 
|  26|0x00000000c6000000, 0x00000000c6000000, 0x00000000c6100000|  0%| F|  |TAMS 0x00000000c6000000, 0x00000000c6000000| Untracked 
|  27|0x00000000c6100000, 0x00000000c6100000, 0x00000000c6200000|  0%| F|  |TAMS 0x00000000c6100000, 0x00000000c6100000| Untracked 
|  28|0x00000000c6200000, 0x00000000c6200000, 0x00000000c6300000|  0%| F|  |TAMS 0x00000000c6200000, 0x00000000c6200000| Untracked 
|  29|0x00000000c6300000, 0x00000000c6300000, 0x00000000c6400000|  0%| F|  |TAMS 0x00000000c6300000, 0x00000000c6300000| Untracked 
|  30|0x00000000c6400000, 0x00000000c6400000, 0x00000000c6500000|  0%| F|  |TAMS 0x00000000c6400000, 0x00000000c6400000| Untracked 
|  31|0x00000000c6500000, 0x00000000c6500000, 0x00000000c6600000|  0%| F|  |TAMS 0x00000000c6500000, 0x00000000c6500000| Untracked 
|  32|0x00000000c6600000, 0x00000000c6600000, 0x00000000c6700000|  0%| F|  |TAMS 0x00000000c6600000, 0x00000000c6600000| Untracked 
|  33|0x00000000c6700000, 0x00000000c6769850, 0x00000000c6800000| 41%| S|CS|TAMS 0x00000000c6700000, 0x00000000c6700000| Complete 
|  34|0x00000000c6800000, 0x00000000c6800000, 0x00000000c6900000|  0%| F|  |TAMS 0x00000000c6800000, 0x00000000c6800000| Untracked 
|  35|0x00000000c6900000, 0x00000000c6900000, 0x00000000c6a00000|  0%| F|  |TAMS 0x00000000c6900000, 0x00000000c6900000| Untracked 
|  36|0x00000000c6a00000, 0x00000000c6a00000, 0x00000000c6b00000|  0%| F|  |TAMS 0x00000000c6a00000, 0x00000000c6a00000| Untracked 
|  37|0x00000000c6b00000, 0x00000000c6b00000, 0x00000000c6c00000|  0%| F|  |TAMS 0x00000000c6b00000, 0x00000000c6b00000| Untracked 
|  38|0x00000000c6c00000, 0x00000000c6c00000, 0x00000000c6d00000|  0%| F|  |TAMS 0x00000000c6c00000, 0x00000000c6c00000| Untracked 
|  39|0x00000000c6d00000, 0x00000000c6d00000, 0x00000000c6e00000|  0%| F|  |TAMS 0x00000000c6d00000, 0x00000000c6d00000| Untracked 
|  40|0x00000000c6e00000, 0x00000000c6e00000, 0x00000000c6f00000|  0%| F|  |TAMS 0x00000000c6e00000, 0x00000000c6e00000| Untracked 
|  41|0x00000000c6f00000, 0x00000000c6f00000, 0x00000000c7000000|  0%| F|  |TAMS 0x00000000c6f00000, 0x00000000c6f00000| Untracked 
|  42|0x00000000c7000000, 0x00000000c7000000, 0x00000000c7100000|  0%| F|  |TAMS 0x00000000c7000000, 0x00000000c7000000| Untracked 
|  43|0x00000000c7100000, 0x00000000c7100000, 0x00000000c7200000|  0%| F|  |TAMS 0x00000000c7100000, 0x00000000c7100000| Untracked 
|  44|0x00000000c7200000, 0x00000000c7200000, 0x00000000c7300000|  0%| F|  |TAMS 0x00000000c7200000, 0x00000000c7200000| Untracked 
|  45|0x00000000c7300000, 0x00000000c7300000, 0x00000000c7400000|  0%| F|  |TAMS 0x00000000c7300000, 0x00000000c7300000| Untracked 
|  46|0x00000000c7400000, 0x00000000c7400000, 0x00000000c7500000|  0%| F|  |TAMS 0x00000000c7400000, 0x00000000c7400000| Untracked 
|  47|0x00000000c7500000, 0x00000000c7500000, 0x00000000c7600000|  0%| F|  |TAMS 0x00000000c7500000, 0x00000000c7500000| Untracked 
|  48|0x00000000c7600000, 0x00000000c7600000, 0x00000000c7700000|  0%| F|  |TAMS 0x00000000c7600000, 0x00000000c7600000| Untracked 
|  49|0x00000000c7700000, 0x00000000c7700000, 0x00000000c7800000|  0%| F|  |TAMS 0x00000000c7700000, 0x00000000c7700000| Untracked 
|  50|0x00000000c7800000, 0x00000000c7886ab8, 0x00000000c7900000| 52%| E|  |TAMS 0x00000000c7800000, 0x00000000c7800000| Complete 
|  51|0x00000000c7900000, 0x00000000c7a00000, 0x00000000c7a00000|100%| E|CS|TAMS 0x00000000c7900000, 0x00000000c7900000| Complete 
|  52|0x00000000c7a00000, 0x00000000c7b00000, 0x00000000c7b00000|100%| E|CS|TAMS 0x00000000c7a00000, 0x00000000c7a00000| Complete 
|  53|0x00000000c7b00000, 0x00000000c7c00000, 0x00000000c7c00000|100%| E|CS|TAMS 0x00000000c7b00000, 0x00000000c7b00000| Complete 
|  54|0x00000000c7c00000, 0x00000000c7d00000, 0x00000000c7d00000|100%| E|CS|TAMS 0x00000000c7c00000, 0x00000000c7c00000| Complete 
|  55|0x00000000c7d00000, 0x00000000c7e00000, 0x00000000c7e00000|100%| E|CS|TAMS 0x00000000c7d00000, 0x00000000c7d00000| Complete 
|  56|0x00000000c7e00000, 0x00000000c7f00000, 0x00000000c7f00000|100%| E|CS|TAMS 0x00000000c7e00000, 0x00000000c7e00000| Complete 
|  57|0x00000000c7f00000, 0x00000000c8000000, 0x00000000c8000000|100%| E|CS|TAMS 0x00000000c7f00000, 0x00000000c7f00000| Complete 
|  58|0x00000000c8000000, 0x00000000c8100000, 0x00000000c8100000|100%| E|CS|TAMS 0x00000000c8000000, 0x00000000c8000000| Complete 
|  59|0x00000000c8100000, 0x00000000c8200000, 0x00000000c8200000|100%| E|CS|TAMS 0x00000000c8100000, 0x00000000c8100000| Complete 

Card table byte_map: [0x000002386b110000,0x000002386b2f0000] _byte_map_base: 0x000002386aaed000

Marking Bits (Prev, Next): (CMBitMap*) 0x00000238544c8710, (CMBitMap*) 0x00000238544c8750
 Prev Bits: [0x000002386b4d0000, 0x000002386c3b8000)
 Next Bits: [0x000002386c3c0000, 0x000002386d2a8000)

Polling page: 0x0000023852470000

Metaspace:

Usage:
  Non-class:      8.42 MB used.
      Class:      1.26 MB used.
       Both:      9.68 MB used.

Virtual space:
  Non-class space:       16.00 MB reserved,       8.56 MB ( 54%) committed,  2 nodes.
      Class space:        1.00 GB reserved,       1.31 MB ( <1%) committed,  1 nodes.
              Both:        1.02 GB reserved,       9.88 MB ( <1%) committed. 

Chunk freelists:
   Non-Class:  2.67 MB
       Class:  2.67 MB
        Both:  5.34 MB

MaxMetaspaceSize: 17179869184.00 GB
CompressedClassSpaceSize: 1.00 GB
 - commit_granule_bytes: 65536.
 - commit_granule_words: 8192.
 - virtual_space_node_default_size: 1048576.
 - enlarge_chunks_in_place: 1.
 - new_chunks_are_fully_committed: 0.
 - uncommit_free_chunks: 1.
 - use_allocation_guard: 0.
 - handle_deallocations: 1.


Internal statistics:

num_allocs_failed_limit: 0.
num_arena_births: 214.
num_arena_deaths: 0.
num_vsnodes_births: 3.
num_vsnodes_deaths: 0.
num_space_committed: 158.
num_space_uncommitted: 0.
num_chunks_returned_to_freelist: 0.
num_chunks_taken_from_freelist: 411.
num_chunk_merges: 0.
num_chunk_splits: 276.
num_chunks_enlarged: 193.
num_purges: 0.

CodeHeap 'non-profiled nmethods': size=238336Kb used=2496Kb max_used=2496Kb free=235839Kb
 bounds [0x000002385c340000, 0x000002385c5c0000, 0x000002386ac00000]
CodeHeap 'non-nmethods': size=7424Kb used=1197Kb max_used=1197Kb free=6226Kb
 bounds [0x000002385bc00000, 0x000002385be70000, 0x000002385c340000]
 total_blobs=2176 nmethods=1683 adapters=420
 compilation: enabled
              stopped_count=0, restarted_count=0
 full_count=0

Compilation events (20 events):
Event: 3.225 Thread 0x000002385456d130 1675       1       java.lang.invoke.BoundMethodHandle::rebind (14 bytes)
Event: 3.226 Thread 0x000002385456d130 nmethod 1675 0x000002385c5abd90 code [0x000002385c5abf80, 0x000002385c5ac288]
Event: 3.226 Thread 0x000002385456d130 1672   !   1       jdk.internal.reflect.ReflectionFactory::checkInitted (100 bytes)
Event: 3.227 Thread 0x000002385456d130 nmethod 1672 0x000002385c5ac490 code [0x000002385c5ac700, 0x000002385c5acbe8]
Event: 3.227 Thread 0x000002385456d130 1676       1       java.util.Arrays$ArrayItr::hasNext (18 bytes)
Event: 3.227 Thread 0x000002385456d130 nmethod 1676 0x000002385c5ace90 code [0x000002385c5ad020, 0x000002385c5ad118]
Event: 3.237 Thread 0x000002385456d130 1677       1       java.lang.Class::privateGetDeclaredMethods (64 bytes)
Event: 3.237 Thread 0x000002385456d130 nmethod 1677 0x000002385c5ad190 code [0x000002385c5ad380, 0x000002385c5ad738]
Event: 3.238 Thread 0x000002385456d130 1678       1       java.lang.Module::isExported (18 bytes)
Event: 3.238 Thread 0x000002385456d130 nmethod 1678 0x000002385c5ad910 code [0x000002385c5adae0, 0x000002385c5add48]
Event: 3.239 Thread 0x000002385456d130 1679       1       java.lang.invoke.DirectMethodHandle$Holder::invokeStatic (17 bytes)
Event: 3.239 Thread 0x000002385456d130 nmethod 1679 0x000002385c5ade90 code [0x000002385c5ae040, 0x000002385c5ae158]
Event: 3.239 Thread 0x000002385456d130 1680  s!   1       jdk.internal.loader.URLClassPath::getLoader (194 bytes)
Event: 3.241 Thread 0x000002385456d130 nmethod 1680 0x000002385c5ae290 code [0x000002385c5ae540, 0x000002385c5aef58]
Event: 3.241 Thread 0x000002385456d130 1681       1       java.lang.reflect.Field::getName (5 bytes)
Event: 3.242 Thread 0x000002385456d130 nmethod 1681 0x000002385c5af810 code [0x000002385c5af9a0, 0x000002385c5afa78]
Event: 3.242 Thread 0x000002385456d130 1682       1       jdk.internal.reflect.AccessorGenerator::sub (5 bytes)
Event: 3.242 Thread 0x000002385456d130 nmethod 1682 0x000002385c5afb10 code [0x000002385c5afca0, 0x000002385c5afd58]
Event: 3.242 Thread 0x000002385456d130 1683       1       jdk.internal.reflect.ClassFileAssembler::setStack (25 bytes)
Event: 3.242 Thread 0x000002385456d130 nmethod 1683 0x000002385c5afe10 code [0x000002385c5affa0, 0x000002385c5b0078]

GC Heap History (6 events):
Event: 1.927 GC heap before
{Heap before GC invocations=0 (full 0):
 garbage-first heap   total 61440K, used 23552K [0x00000000c4600000, 0x0000000100000000)
  region size 1024K, 23 young (23552K), 0 survivors (0K)
 Metaspace       used 6506K, committed 6720K, reserved 1056768K
  class space    used 777K, committed 896K, reserved 1048576K
}
Event: 1.946 GC heap after
{Heap after GC invocations=1 (full 0):
 garbage-first heap   total 61440K, used 7360K [0x00000000c4600000, 0x0000000100000000)
  region size 1024K, 3 young (3072K), 3 survivors (3072K)
 Metaspace       used 6506K, committed 6720K, reserved 1056768K
  class space    used 777K, committed 896K, reserved 1048576K
}
Event: 2.180 GC heap before
{Heap before GC invocations=1 (full 0):
 garbage-first heap   total 61440K, used 28864K [0x00000000c4600000, 0x0000000100000000)
  region size 1024K, 25 young (25600K), 3 survivors (3072K)
 Metaspace       used 6962K, committed 7104K, reserved 1056768K
  class space    used 835K, committed 896K, reserved 1048576K
}
Event: 2.189 GC heap after
{Heap after GC invocations=2 (full 0):
 garbage-first heap   total 61440K, used 7447K [0x00000000c4600000, 0x0000000100000000)
  region size 1024K, 1 young (1024K), 1 survivors (1024K)
 Metaspace       used 6962K, committed 7104K, reserved 1056768K
  class space    used 835K, committed 896K, reserved 1048576K
}
Event: 2.708 GC heap before
{Heap before GC invocations=2 (full 0):
 garbage-first heap   total 61440K, used 32023K [0x00000000c4600000, 0x0000000100000000)
  region size 1024K, 26 young (26624K), 1 survivors (1024K)
 Metaspace       used 7908K, committed 8128K, reserved 1056768K
  class space    used 971K, committed 1088K, reserved 1048576K
}
Event: 2.711 GC heap after
{Heap after GC invocations=3 (full 0):
 garbage-first heap   total 61440K, used 7590K [0x00000000c4600000, 0x0000000100000000)
  region size 1024K, 1 young (1024K), 1 survivors (1024K)
 Metaspace       used 7908K, committed 8128K, reserved 1056768K
  class space    used 971K, committed 1088K, reserved 1048576K
}

Deoptimization events (0 events):
No events

Classes unloaded (0 events):
No events

Classes redefined (0 events):
No events

Internal exceptions (20 events):
Event: 1.586 Thread 0x000002385449a360 Exception <a 'java/io/FileNotFoundException'{0x00000000c72a5b30}> (0x00000000c72a5b30) 
thrown [t:\workspace\open\src\hotspot\share\prims\jni.cpp, line 579]
Event: 1.754 Thread 0x000002385449a360 Exception <a 'java/lang/NoSuchMethodError'{0x00000000c6e9c830}: 'java.lang.Object java.lang.invoke.DirectMethodHandle$Holder.invokeSpecialIFC(java.lang.Object, java.lang.Object, java.lang.Object, java.lang.Object)'> (0x00000000c6e9c830) 
thrown [t:\workspace\open\src\hotspot\share\interpreter\linkResolver.cpp, line 790]
Event: 1.795 Thread 0x000002385449a360 Exception <a 'java/lang/NoSuchMethodError'{0x00000000c6d58918}: 'int java.lang.invoke.DirectMethodHandle$Holder.invokeStaticInit(java.lang.Object, java.lang.Object)'> (0x00000000c6d58918) 
thrown [t:\workspace\open\src\hotspot\share\interpreter\linkResolver.cpp, line 790]
Event: 1.902 Thread 0x000002385449a360 Exception <a 'java/lang/NoSuchMethodError'{0x00000000c6b717c0}: 'int java.lang.invoke.DirectMethodHandle$Holder.invokeStaticInit(java.lang.Object, java.lang.Object, java.lang.Object)'> (0x00000000c6b717c0) 
thrown [t:\workspace\open\src\hotspot\share\interpreter\linkResolver.cpp, line 790]
Event: 1.918 Thread 0x000002385449a360 Exception <a 'java/lang/NoSuchMethodError'{0x00000000c6bd1910}: 'java.lang.Object java.lang.invoke.DirectMethodHandle$Holder.newInvokeSpecial(java.lang.Object, java.lang.Object, java.lang.Object, java.lang.Object, java.lang.Object)'> (0x00000000c6bd1910) 
thrown [t:\workspace\open\src\hotspot\share\interpreter\linkResolver.cpp, line 790]
Event: 2.394 Thread 0x0000023870fe90f0 Exception <a 'java/lang/NoSuchMethodError'{0x00000000c6da6de8}: 'org.slf4j.impl.StaticMDCBinder org.slf4j.impl.StaticMDCBinder.getSingleton()'> (0x00000000c6da6de8) 
thrown [t:\workspace\open\src\hotspot\share\interpreter\linkResolver.cpp, line 790]
Event: 2.577 Thread 0x0000023870fe9610 Exception <a 'java/io/FileNotFoundException'{0x00000000c69108a8}> (0x00000000c69108a8) 
thrown [t:\workspace\open\src\hotspot\share\prims\jni.cpp, line 579]
Event: 2.803 Thread 0x0000023870fe9610 Exception <a 'java/lang/NoSuchMethodError'{0x00000000c80d29a0}: 'void java.lang.invoke.DirectMethodHandle$Holder.invokeStatic(java.lang.Object, java.lang.Object, java.lang.Object, java.lang.Object)'> (0x00000000c80d29a0) 
thrown [t:\workspace\open\src\hotspot\share\interpreter\linkResolver.cpp, line 790]
Event: 2.812 Thread 0x0000023870fe9610 Exception <a 'java/lang/NoSuchMethodError'{0x00000000c80f5ed0}: 'java.lang.Object java.lang.invoke.Invokers$Holder.invokeExact_MT(java.lang.Object, java.lang.Object, java.lang.Object, java.lang.Object, java.lang.Object, java.lang.Object)'> (0x00000000c80f5ed0) 
thrown [t:\workspace\open\src\hotspot\share\interpreter\linkResolver.cpp, line 790]
Event: 2.818 Thread 0x0000023870fe9610 Exception <a 'java/lang/NoSuchMethodError'{0x00000000c7f0dbb8}: 'java.lang.Object java.lang.invoke.DirectMethodHandle$Holder.invokeInterface(java.lang.Object, java.lang.Object, java.lang.Object)'> (0x00000000c7f0dbb8) 
thrown [t:\workspace\open\src\hotspot\share\interpreter\linkResolver.cpp, line 790]
Event: 2.819 Thread 0x0000023870fe9610 Exception <a 'java/lang/IncompatibleClassChangeError'{0x00000000c7f11450}: Found class java.lang.Object, but interface was expected> (0x00000000c7f11450) 
thrown [t:\workspace\open\src\hotspot\share\interpreter\linkResolver.cpp, line 857]
Event: 2.893 Thread 0x0000023870fe9610 Exception <a 'java/lang/NoSuchMethodError'{0x00000000c7e56530}: 'int java.lang.invoke.DirectMethodHandle$Holder.invokeSpecial(java.lang.Object, java.lang.Object, java.lang.Object, java.lang.Object)'> (0x00000000c7e56530) 
thrown [t:\workspace\open\src\hotspot\share\interpreter\linkResolver.cpp, line 790]
Event: 3.020 Thread 0x00000238710b8da0 Exception <a 'java/lang/NoSuchMethodError'{0x00000000c7c84858}: static [B.<clinit>()V> (0x00000000c7c84858) 
thrown [t:\workspace\open\src\hotspot\share\prims\jni.cpp, line 1210]
Event: 3.021 Thread 0x0000023870fe9610 Exception <a 'java/lang/NoSuchMethodError'{0x00000000c7cba590}: 'java.lang.Object java.lang.invoke.DirectMethodHandle$Holder.newInvokeSpecial(java.lang.Object, java.lang.Object, java.lang.Object, java.lang.Object, java.lang.Object, java.lang.Object)'> (0x00000000c7cba590) 
thrown [t:\workspace\open\src\hotspot\share\interpreter\linkResolver.cpp, line 790]
Event: 3.056 Thread 0x0000023870fe9610 Exception <a 'java/lang/NoSuchMethodError'{0x00000000c7b664e0}: 'java.lang.Object java.lang.invoke.DirectMethodHandle$Holder.invokeSpecial(java.lang.Object, java.lang.Object, java.lang.Object, java.lang.Object, java.lang.Object, java.lang.Object, int)'> (0x00000000c7b664e0) 
thrown [t:\workspace\open\src\hotspot\share\interpreter\linkResolver.cpp, line 790]
Event: 3.057 Thread 0x0000023870fe9610 Exception <a 'java/lang/NoSuchMethodError'{0x00000000c7b71638}: 'java.lang.Object java.lang.invoke.DirectMethodHandle$Holder.newInvokeSpecial(java.lang.Object, java.lang.Object, java.lang.Object, java.lang.Object, java.lang.Object, java.lang.Object, int)'> (0x00000000c7b71638) 
thrown [t:\workspace\open\src\hotspot\share\interpreter\linkResolver.cpp, line 790]
Event: 3.057 Thread 0x0000023870fe9610 Exception <a 'java/lang/NoSuchMethodError'{0x00000000c7b76790}: 'java.lang.Object java.lang.invoke.DirectMethodHandle$Holder.invokeSpecial(java.lang.Object, java.lang.Object, java.lang.Object, java.lang.Object, java.lang.Object, java.lang.Object, java.lang.Object, int)'> (0x00000000c7b76790) 
thrown [t:\workspace\open\src\hotspot\share\interpreter\linkResolver.cpp, line 790]
Event: 3.205 Thread 0x0000023870fe9610 Exception <a 'java/lang/NoSuchMethodError'{0x00000000c7951b90}: 'int java.lang.invoke.DirectMethodHandle$Holder.invokeVirtual(java.lang.Object, java.lang.Object)'> (0x00000000c7951b90) 
thrown [t:\workspace\open\src\hotspot\share\interpreter\linkResolver.cpp, line 790]
Event: 3.225 Thread 0x0000023871130000 Exception <a 'java/lang/NoSuchMethodError'{0x00000000c79fefe0}: 'java.lang.Object java.lang.invoke.Invokers$Holder.linkToTargetMethod(java.lang.Object, long, java.lang.Object)'> (0x00000000c79fefe0) 
thrown [t:\workspace\open\src\hotspot\share\interpreter\linkResolver.cpp, line 790]
Event: 3.237 Thread 0x00000238710b8da0 Exception <a 'java/lang/ClassNotFoundException'{0x00000000c7ca6258}: javax/management/remote/rmi/RMIConnectionImpl_Skel> (0x00000000c7ca6258) 
thrown [t:\workspace\open\src\hotspot\share\classfile\systemDictionary.cpp, line 256]

Events (20 events):
Event: 3.226 loading class javax/management/AttributeNotFoundException
Event: 3.226 loading class javax/management/AttributeNotFoundException done
Event: 3.226 loading class javax/management/InvalidAttributeValueException
Event: 3.227 loading class javax/management/InvalidAttributeValueException done
Event: 3.227 loading class javax/management/InstanceAlreadyExistsException
Event: 3.227 loading class javax/management/InstanceAlreadyExistsException done
Event: 3.227 loading class javax/management/MBeanRegistrationException
Event: 3.227 loading class javax/management/MBeanRegistrationException done
Event: 3.227 loading class javax/management/NotCompliantMBeanException
Event: 3.231 loading class javax/management/NotCompliantMBeanException done
Event: 3.231 loading class javax/management/IntrospectionException
Event: 3.231 loading class javax/management/IntrospectionException done
Event: 3.231 loading class javax/management/remote/NotificationResult
Event: 3.237 loading class javax/management/remote/NotificationResult done
Event: 3.237 loading class jdk/internal/module/IllegalAccessLogger
Event: 3.237 loading class javax/management/remote/rmi/RMIConnectionImpl_Skel
Event: 3.237 loading class javax/management/remote/rmi/RMIConnectionImpl_Skel done
Event: 3.238 loading class jdk/internal/module/IllegalAccessLogger done
Event: 3.240 loading class javax/management/remote/JMXConnectionNotification
Event: 3.241 loading class javax/management/remote/JMXConnectionNotification done


Dynamic libraries:
0x00007ff743f50000 - 0x00007ff743f5e000 	C:\Users\Michael Mendoza\JDK\jdk-16.0.1\bin\javaw.exe
0x00007fffb0270000 - 0x00007fffb0465000 	C:\WINDOWS\SYSTEM32\ntdll.dll
0x00007fffb0170000 - 0x00007fffb022e000 	C:\WINDOWS\System32\KERNEL32.DLL
0x00007fffadef0000 - 0x00007fffae1b8000 	C:\WINDOWS\System32\KERNELBASE.dll
0x00007fffada10000 - 0x00007fffadb10000 	C:\WINDOWS\System32\ucrtbase.dll
0x00007fff9a200000 - 0x00007fff9a218000 	C:\Users\Michael Mendoza\JDK\jdk-16.0.1\bin\jli.dll
0x00007fff9a1e0000 - 0x00007fff9a1f9000 	C:\Users\Michael Mendoza\JDK\jdk-16.0.1\bin\VCRUNTIME140.dll
0x00007fffaeda0000 - 0x00007fffaef40000 	C:\WINDOWS\System32\USER32.dll
0x00007fffadc70000 - 0x00007fffadc92000 	C:\WINDOWS\System32\win32u.dll
0x00007fffaebf0000 - 0x00007fffaec1a000 	C:\WINDOWS\System32\GDI32.dll
0x00007fffae1c0000 - 0x00007fffae2cb000 	C:\WINDOWS\System32\gdi32full.dll
0x00007fffadd10000 - 0x00007fffaddad000 	C:\WINDOWS\System32\msvcp_win.dll
0x00007fff97d10000 - 0x00007fff97faa000 	C:\WINDOWS\WinSxS\amd64_microsoft.windows.common-controls_6595b64144ccf1df_6.0.19041.1110_none_60b5254171f9507e\COMCTL32.dll
0x00007fffaefa0000 - 0x00007fffaf03e000 	C:\WINDOWS\System32\msvcrt.dll
0x00007fffaea70000 - 0x00007fffaeaa0000 	C:\WINDOWS\System32\IMM32.DLL
0x00007fffa58e0000 - 0x00007fffa58ec000 	C:\Users\Michael Mendoza\JDK\jdk-16.0.1\bin\vcruntime140_1.dll
0x00007fff8ad90000 - 0x00007fff8ae21000 	C:\Users\Michael Mendoza\JDK\jdk-16.0.1\bin\msvcp140.dll
0x00007fff5d1f0000 - 0x00007fff5dd9b000 	C:\Users\Michael Mendoza\JDK\jdk-16.0.1\bin\server\jvm.dll
0x00007fffae2d0000 - 0x00007fffae37e000 	C:\WINDOWS\System32\ADVAPI32.dll
0x00007fffaff00000 - 0x00007fffaff9c000 	C:\WINDOWS\System32\sechost.dll
0x00007fffae700000 - 0x00007fffae825000 	C:\WINDOWS\System32\RPCRT4.dll
0x00007fffaf250000 - 0x00007fffaf258000 	C:\WINDOWS\System32\PSAPI.DLL
0x00007fff99e70000 - 0x00007fff99e79000 	C:\WINDOWS\SYSTEM32\WSOCK32.dll
0x00007fff98270000 - 0x00007fff98297000 	C:\WINDOWS\SYSTEM32\WINMM.dll
0x00007fffa3c10000 - 0x00007fffa3c1a000 	C:\WINDOWS\SYSTEM32\VERSION.dll
0x00007fffaeb20000 - 0x00007fffaeb8b000 	C:\WINDOWS\System32\WS2_32.dll
0x00007fffac200000 - 0x00007fffac212000 	C:\WINDOWS\SYSTEM32\kernel.appcore.dll
0x00007fffa60e0000 - 0x00007fffa60ea000 	C:\Users\Michael Mendoza\JDK\jdk-16.0.1\bin\jimage.dll
0x00007fffa8700000 - 0x00007fffa88e4000 	C:\WINDOWS\SYSTEM32\DBGHELP.DLL
0x00007fff93f90000 - 0x00007fff93fbc000 	C:\WINDOWS\SYSTEM32\dbgcore.DLL
0x00007fffade60000 - 0x00007fffadee2000 	C:\WINDOWS\System32\bcryptPrimitives.dll
0x00007fff98cd0000 - 0x00007fff98cf5000 	C:\Users\Michael Mendoza\JDK\jdk-16.0.1\bin\java.dll
0x00007fffaf6d0000 - 0x00007fffafe14000 	C:\WINDOWS\System32\SHELL32.dll
0x00007fffaba50000 - 0x00007fffac1e4000 	C:\WINDOWS\SYSTEM32\windows.storage.dll
0x00007fffae380000 - 0x00007fffae6d4000 	C:\WINDOWS\System32\combase.dll
0x00007fffad400000 - 0x00007fffad42c000 	C:\WINDOWS\SYSTEM32\Wldp.dll
0x00007fffae9c0000 - 0x00007fffaea6d000 	C:\WINDOWS\System32\SHCORE.dll
0x00007fffae830000 - 0x00007fffae885000 	C:\WINDOWS\System32\shlwapi.dll
0x00007fffad8d0000 - 0x00007fffad8ef000 	C:\WINDOWS\SYSTEM32\profapi.dll
0x00007fffa5290000 - 0x00007fffa52a9000 	C:\Users\Michael Mendoza\JDK\jdk-16.0.1\bin\net.dll
0x00007fffa3f70000 - 0x00007fffa407a000 	C:\WINDOWS\SYSTEM32\WINHTTP.dll
0x00007fffad110000 - 0x00007fffad17a000 	C:\WINDOWS\system32\mswsock.dll
0x00007fffa40d0000 - 0x00007fffa40e3000 	C:\Users\Michael Mendoza\JDK\jdk-16.0.1\bin\nio.dll
0x00007fff9a6a0000 - 0x00007fff9a6b8000 	C:\Users\Michael Mendoza\JDK\jdk-16.0.1\bin\zip.dll
0x00007fffa5360000 - 0x00007fffa5369000 	C:\Users\Michael Mendoza\JDK\jdk-16.0.1\bin\management.dll
0x00007fffa5190000 - 0x00007fffa519b000 	C:\Users\Michael Mendoza\JDK\jdk-16.0.1\bin\management_ext.dll
0x00007fff8caf0000 - 0x00007fff8cb07000 	C:\WINDOWS\system32\napinsp.dll
0x00007fff8caa0000 - 0x00007fff8cabb000 	C:\WINDOWS\system32\pnrpnsp.dll
0x00007fff8ca80000 - 0x00007fff8ca95000 	C:\WINDOWS\system32\wshbth.dll
0x00007fffa5fb0000 - 0x00007fffa5fcd000 	C:\WINDOWS\system32\NLAapi.dll
0x00007fffacdd0000 - 0x00007ffface0b000 	C:\WINDOWS\SYSTEM32\IPHLPAPI.DLL
0x00007ffface20000 - 0x00007fffaceeb000 	C:\WINDOWS\SYSTEM32\DNSAPI.dll
0x00007fffaec20000 - 0x00007fffaec28000 	C:\WINDOWS\System32\NSI.dll
0x00007fff8c9a0000 - 0x00007fff8c9b2000 	C:\WINDOWS\System32\winrnr.dll
0x00007fff993b0000 - 0x00007fff993ba000 	C:\Windows\System32\rasadhlp.dll
0x00007fff99830000 - 0x00007fff998af000 	C:\WINDOWS\System32\fwpuclnt.dll
0x00007fffad990000 - 0x00007fffad9b7000 	C:\WINDOWS\System32\bcrypt.dll
0x00007fffad300000 - 0x00007fffad318000 	C:\WINDOWS\SYSTEM32\CRYPTSP.dll
0x00007fffaca30000 - 0x00007fffaca64000 	C:\WINDOWS\system32\rsaenh.dll
0x00007fffad850000 - 0x00007fffad87e000 	C:\WINDOWS\SYSTEM32\USERENV.dll
0x00007fffad2f0000 - 0x00007fffad2fc000 	C:\WINDOWS\SYSTEM32\CRYPTBASE.dll
0x00007fffa2e60000 - 0x00007fffa2e77000 	C:\WINDOWS\SYSTEM32\dhcpcsvc6.DLL
0x00007fffa3130000 - 0x00007fffa314d000 	C:\WINDOWS\SYSTEM32\dhcpcsvc.DLL
0x00007fffa54c0000 - 0x00007fffa54d0000 	C:\Users\Michael Mendoza\JDK\jdk-16.0.1\bin\verify.dll

dbghelp: loaded successfully - version: 4.0.5 - missing functions: none
symbol engine: initialized successfully - sym options: 0x614 - pdb path: .;C:\Users\Michael Mendoza\JDK\jdk-16.0.1\bin;C:\WINDOWS\SYSTEM32;C:\WINDOWS\WinSxS\amd64_microsoft.windows.common-controls_6595b64144ccf1df_6.0.19041.1110_none_60b5254171f9507e;C:\Users\Michael Mendoza\JDK\jdk-16.0.1\bin\server

VM Arguments:
jvm_args: -Dcom.sun.management.jmxremote -Dcom.sun.management.jmxremote.port=60311 -Dcom.sun.management.jmxremote.authenticate=false -Dcom.sun.management.jmxremote.ssl=false -Djava.rmi.server.hostname=localhost -Dspring.jmx.enabled=true -Dspring.application.admin.enabled=true -XX:TieredStopAtLevel=1 -Dspring.boot.project.name=springboot-WCT -Dfile.encoding=UTF-8 -XX:+ShowCodeDetailsInExceptionMessages 
java_command: com.proyecto.SpringbootWctApplication
java_class_path (initial): D:\Ingenieria de Sistemas\Semestre VIII\Ing Software III\Proyecto Final\What-Cooks-Today\Backend\springboot-WCT\target\classes;C:\Users\Michael Mendoza\.m2\repository\org\springframework\boot\spring-boot-starter-data-jpa\2.6.6\spring-boot-starter-data-jpa-2.6.6.jar;C:\Users\Michael Mendoza\.m2\repository\org\springframework\boot\spring-boot-starter-aop\2.6.6\spring-boot-starter-aop-2.6.6.jar;C:\Users\Michael Mendoza\.m2\repository\org\springframework\spring-aop\5.3.18\spring-aop-5.3.18.jar;C:\Users\Michael Mendoza\.m2\repository\org\aspectj\aspectjweaver\1.9.7\aspectjweaver-1.9.7.jar;C:\Users\Michael Mendoza\.m2\repository\org\springframework\boot\spring-boot-starter-jdbc\2.6.6\spring-boot-starter-jdbc-2.6.6.jar;C:\Users\Michael Mendoza\.m2\repository\com\zaxxer\HikariCP\4.0.3\HikariCP-4.0.3.jar;C:\Users\Michael Mendoza\.m2\repository\org\springframework\spring-jdbc\5.3.18\spring-jdbc-5.3.18.jar;C:\Users\Michael Mendoza\.m2\repository\jakarta\transaction\jakarta.transaction-api\1.3.3\jakarta.transaction-api-1.3.3.jar;C:\Users\Michael Mendoza\.m2\repository\jakarta\persistence\jakarta.persistence-api\2.2.3\jakarta.persistence-api-2.2.3.jar;C:\Users\Michael Mendoza\.m2\repository\org\hibernate\hibernate-core\5.6.7.Final\hibernate-core-5.6.7.Final.jar;C:\Users\Michael Mendoza\.m2\repository\org\jboss\logging\jboss-logging\3.4.3.Final\jboss-logging-3.4.3.Final.jar;C:\Users\Michael Mendoza\.m2\repository\net\bytebuddy\byte-buddy\1.11.22\byte-buddy-1.11.22.jar;C:\Users\Michael Mendoza\.m2\repository\antlr\antlr\2.7.7\antlr-2.7.7.jar;C:\Users\Michael Mendoza\.m2\repository\org\jboss\jandex\2.4.2.Final\jandex-2.4.2.Final.jar;C:\Users\Michael Mendoza\.m2\repository\com\fasterxml\classmate\1.5.1\classmate-1.5.1.jar;C:\Users\Michael Mendoza\.m2\repository\org\hibernate\common\hibernate-commons-annotations\5.1.2.Final\hibernate-commons-annotations-5.1.2.Final.jar;C:\Users\Michael Mendoza\.m2\repository\org\glassfish\jaxb\jaxb-runtime\2.3.6\jaxb-runt
Launcher Type: SUN_STANDARD

[Global flags]
     intx CICompilerCount                          = 4                                         {product} {ergonomic}
     uint ConcGCThreads                            = 2                                         {product} {ergonomic}
     uint G1ConcRefinementThreads                  = 8                                         {product} {ergonomic}
   size_t G1HeapRegionSize                         = 1048576                                   {product} {ergonomic}
    uintx GCDrainStackTargetSize                   = 64                                        {product} {ergonomic}
   size_t InitialHeapSize                          = 62914560                                  {product} {ergonomic}
     bool ManagementServer                         = true                                      {product} {command line}
   size_t MarkStackSize                            = 4194304                                   {product} {ergonomic}
   size_t MaxHeapSize                              = 1000341504                                {product} {ergonomic}
   size_t MaxNewSize                               = 599785472                                 {product} {ergonomic}
   size_t MinHeapDeltaBytes                        = 1048576                                   {product} {ergonomic}
   size_t MinHeapSize                              = 8388608                                   {product} {ergonomic}
    uintx NonNMethodCodeHeapSize                   = 7549744                                {pd product} {ergonomic}
    uintx NonProfiledCodeHeapSize                  = 244108496                              {pd product} {ergonomic}
    uintx ProfiledCodeHeapSize                     = 0                                      {pd product} {ergonomic}
    uintx ReservedCodeCacheSize                    = 251658240                              {pd product} {ergonomic}
     bool SegmentedCodeCache                       = true                                      {product} {ergonomic}
     bool ShowCodeDetailsInExceptionMessages       = true                                   {manageable} {command line}
   size_t SoftMaxHeapSize                          = 1000341504                             {manageable} {ergonomic}
     intx TieredStopAtLevel                        = 1                                         {product} {command line}
     bool UseCompressedClassPointers               = true                           {product lp64_product} {ergonomic}
     bool UseCompressedOops                        = true                           {product lp64_product} {ergonomic}
     bool UseG1GC                                  = true                                      {product} {ergonomic}
     bool UseLargePagesIndividualAllocation        = false                                  {pd product} {ergonomic}

Logging:
Log output configuration:
 #0: stdout all=warning uptime,level,tags
 #1: stderr all=off uptime,level,tags

Environment Variables:
JAVA_HOME=C:\Users\Michael Mendoza\JDK\jdk-16.0.1
PATH=C:/Users/Michael Mendoza/JDK/jdk-16.0.1/bin/server;C:/Users/Michael Mendoza/JDK/jdk-16.0.1/bin;C:\Program Files (x86)\Common Files\Oracle\Java\javapath;C:\Program Files (x86)\Common Files\Intel\Shared Libraries\redist\intel64\compiler;C:\Windows\system32;C:\Windows;C:\Windows\System32\Wbem;C:\Windows\System32\WindowsPowerShell\v1.0\;C:\Windows\System32\OpenSSH\;C:\Program Files (x86)\NVIDIA Corporation\PhysX\Common;C:\Program Files\NVIDIA Corporation\NVIDIA NvDLISR;C:\Program Files\Git\cmd;C:\WINDOWS\system32;C:\WINDOWS;C:\WINDOWS\System32\Wbem;C:\WINDOWS\System32\WindowsPowerShell\v1.0\;C:\WINDOWS\System32\OpenSSH\;%NVM_HOME%;%NVM_SYMLINK%;C:\ProgramData\chocolatey\bin;C:\Program Files\nodejs\;C:\Program Files\PuTTY\;C:\Program Files\Docker\Docker\resources\bin;C:\ProgramData\DockerDesktop\version-bin;C:\Program Files\MySQL\MySQL Shell 8.0\bin\;C:\Users\Michael Mendoza\AppData\Local\Microsoft\WindowsApps;C:\Users\Michael Mendoza\AppData\Local\Programs\Microsoft VS Code\bin;C:\Users\Michael Mendoza\AppData\Local\hyper\app-3.0.2\resources\bin;C:\Users\Michael Mendoza\JDK\jdk-16.0.1\bin;C:\Users\Michael Mendoza\AppData\Roaming\nvm;C:\Program Files\nodejs;C:\Users\Michael Mendoza\AppData\Roaming\npm;C:\Users\Michael Mendoza\AppData\Roaming\TinyTeX\bin\win32;C:\Users\Michael Mendoza\Desktop;
USERNAME=Michael Mendoza
OS=Windows_NT
PROCESSOR_IDENTIFIER=Intel64 Family 6 Model 142 Stepping 12, GenuineIntel



---------------  S Y S T E M  ---------------

OS:
 Windows 10 , 64 bit Build 19041 (10.0.19041.1645)
OS uptime: 0 days 7:54 hours
Hyper-V role detected

CPU: total 8 (initial active 8) (4 cores per cpu, 2 threads per core) family 6 model 142 stepping 12 microcode 0xc6, cx8, cmov, fxsr, ht, mmx, 3dnowpref, sse, sse2, sse3, ssse3, sse4.1, sse4.2, popcnt, lzcnt, tsc, tscinvbit, avx, avx2, aes, erms, clmul, bmi1, bmi2, adx, fma, vzeroupper, clflush, clflushopt, hv

Memory: 4k page, system-wide physical 3812M (88M free)
TotalPageFile size 15588M (AvailPageFile size 0M)
current process WorkingSet (physical memory assigned to process): 86M, peak: 86M
current process commit charge ("private bytes"): 155M, peak: 155M

vm_info: OpenJDK 64-Bit Server VM (16.0.1+9-24) for windows-amd64 JRE (16.0.1+9-24), built on Mar 26 2021 19:30:07 by "mach5one" with MS VC++ 16.7 (VS2019)

END.
