#
# There is insufficient memory for the Java Runtime Environment to continue.
# Native memory allocation (mmap) failed to map 62914560 bytes for G1 virtual space
# Possible reasons:
#   The system is out of physical RAM or swap space
#   The process is running with CompressedOops enabled, and the Java Heap may be blocking the growth of the native heap
# Possible solutions:
#   Reduce memory load on the system
#   Increase physical memory or swap space
#   Check if swap backing store is full
#   Decrease Java heap size (-Xmx/-Xms)
#   Decrease number of Java threads
#   Decrease Java thread stack sizes (-Xss)
#   Set larger code cache with -XX:ReservedCodeCacheSize=
#   JVM is running with Unscaled Compressed Oops mode in which the Java heap is
#     placed in the first 4GB address space. The Java Heap base address is the
#     maximum limit for the native heap growth. Please use -XX:HeapBaseMinAddress
#     to set the Java Heap base and to place the Java Heap above 4GB virtual address.
# This output file may be truncated or incomplete.
#
#  Out of Memory Error (os_windows.cpp:3466), pid=18400, tid=20044
#
# JRE version:  (16.0.1+9) (build )
# Java VM: OpenJDK 64-Bit Server VM (16.0.1+9-24, mixed mode, sharing, tiered, compressed oops, compressed class ptrs, g1 gc, windows-amd64)
# No core dump will be written. Minidumps are not enabled by default on client versions of Windows
#

---------------  S U M M A R Y ------------

Command Line: -Dcom.sun.management.jmxremote -Dcom.sun.management.jmxremote.port=64960 -Dcom.sun.management.jmxremote.authenticate=false -Dcom.sun.management.jmxremote.ssl=false -Djava.rmi.server.hostname=localhost -Dspring.jmx.enabled=true -Dspring.application.admin.enabled=true -XX:TieredStopAtLevel=1 -Dspring.boot.project.name=springboot-WCT -Dfile.encoding=UTF-8 -XX:+ShowCodeDetailsInExceptionMessages com.proyecto.SpringbootWctApplication

Host: Intel(R) Core(TM) i5-10210U CPU @ 1.60GHz, 8 cores, 3G,  Windows 10 , 64 bit Build 19041 (10.0.19041.1645)
Time: Thu Apr 21 17:43:59 2022 Hora est. Pacífico, Sudamérica elapsed time: 0.095890 seconds (0d 0h 0m 0s)

---------------  T H R E A D  ---------------

Current thread (0x000001ad1b647470):  JavaThread "Unknown thread" [_thread_in_vm, id=20044, stack(0x0000005ea8b00000,0x0000005ea8c00000)]

Stack: [0x0000005ea8b00000,0x0000005ea8c00000]
Native frames: (J=compiled Java code, j=interpreted, Vv=VM code, C=native code)
V  [jvm.dll+0x6687ca]
V  [jvm.dll+0x7ca3c9]
V  [jvm.dll+0x7cbb53]
V  [jvm.dll+0x7cc1b3]
V  [jvm.dll+0x242ea5]
V  [jvm.dll+0x665589]
V  [jvm.dll+0x65a175]
V  [jvm.dll+0x2fc5ab]
V  [jvm.dll+0x3037a6]
V  [jvm.dll+0x352fee]
V  [jvm.dll+0x35321f]
V  [jvm.dll+0x2d3618]
V  [jvm.dll+0x2d4854]
V  [jvm.dll+0x79ccb1]
V  [jvm.dll+0x360de1]
V  [jvm.dll+0x77a990]
V  [jvm.dll+0x3e55af]
V  [jvm.dll+0x3e7081]
C  [jli.dll+0x52fb]
C  [ucrtbase.dll+0x21bb2]
C  [KERNEL32.DLL+0x17034]
C  [ntdll.dll+0x52651]


---------------  P R O C E S S  ---------------

Threads class SMR info:
_java_thread_list=0x00007ffff185cbb8, length=0, elements={
}

Java Threads: ( => current thread )

Other Threads:
  0x000001ad1b67a510 GCTaskThread "GC Thread#0" [stack: 0x0000005ea8c00000,0x0000005ea8d00000] [id=8496]
  0x000001ad1b683340 ConcurrentGCThread "G1 Main Marker" [stack: 0x0000005ea8d00000,0x0000005ea8e00000] [id=5260]
  0x000001ad1b6842d0 ConcurrentGCThread "G1 Conc#0" [stack: 0x0000005ea8e00000,0x0000005ea8f00000] [id=19012]

[error occurred during error reporting (printing all threads), id 0xc0000005, EXCEPTION_ACCESS_VIOLATION (0xc0000005) at pc=0x00007ffff10344d7]

VM state: not at safepoint (not fully initialized)

VM Mutex/Monitor currently owned by a thread:  ([mutex/lock_event])
[0x000001ad1b56af70] Heap_lock - owner thread: 0x000001ad1b647470

Heap address: 0x00000000c4600000, size: 954 MB, Compressed Oops mode: 32-bit

CDS archive(s) mapped at: [0x0000000000000000-0x0000000000000000-0x0000000000000000), size 0, SharedBaseAddress: 0x0000000800000000, ArchiveRelocationMode: 0.
Narrow klass base: 0x0000000000000000, Narrow klass shift: 0, Narrow klass range: 0x0

GC Precious Log:
<Empty>

Heap:
 garbage-first heap   total 0K, used 0K [0x00000000c4600000, 0x0000000100000000)
  region size 1024K, 0 young (0K), 0 survivors (0K)

[error occurred during error reporting (printing heap information), id 0xc0000005, EXCEPTION_ACCESS_VIOLATION (0xc0000005) at pc=0x00007ffff14124ed]

GC Heap History (0 events):
No events

Deoptimization events (0 events):
No events

Classes unloaded (0 events):
No events

Classes redefined (0 events):
No events

Internal exceptions (0 events):
No events

Events (1 events):
Event: 0.080 Loaded shared library C:\Users\Michael Mendoza\JDK\jdk-16.0.1\bin\java.dll


Dynamic libraries:
0x00007ff635790000 - 0x00007ff63579e000 	C:\Users\Michael Mendoza\JDK\jdk-16.0.1\bin\javaw.exe
0x00007ff874e70000 - 0x00007ff875065000 	C:\WINDOWS\SYSTEM32\ntdll.dll
0x00007ff8737d0000 - 0x00007ff87388e000 	C:\WINDOWS\System32\KERNEL32.DLL
0x00007ff8728f0000 - 0x00007ff872bb8000 	C:\WINDOWS\System32\KERNELBASE.dll
0x00007ff872590000 - 0x00007ff872690000 	C:\WINDOWS\System32\ucrtbase.dll
0x00007ff860db0000 - 0x00007ff860dc9000 	C:\Users\Michael Mendoza\JDK\jdk-16.0.1\bin\VCRUNTIME140.dll
0x00007ff863eb0000 - 0x00007ff863ec8000 	C:\Users\Michael Mendoza\JDK\jdk-16.0.1\bin\jli.dll
0x00007ff874250000 - 0x00007ff8743f0000 	C:\WINDOWS\System32\USER32.dll
0x00007ff872690000 - 0x00007ff8726b2000 	C:\WINDOWS\System32\win32u.dll
0x00007ff85cb20000 - 0x00007ff85cdba000 	C:\WINDOWS\WinSxS\amd64_microsoft.windows.common-controls_6595b64144ccf1df_6.0.19041.1110_none_60b5254171f9507e\COMCTL32.dll
0x00007ff873e80000 - 0x00007ff873eaa000 	C:\WINDOWS\System32\GDI32.dll
0x00007ff874110000 - 0x00007ff8741ae000 	C:\WINDOWS\System32\msvcrt.dll
0x00007ff872d50000 - 0x00007ff872e5b000 	C:\WINDOWS\System32\gdi32full.dll
0x00007ff872850000 - 0x00007ff8728ed000 	C:\WINDOWS\System32\msvcp_win.dll
0x00007ff8737a0000 - 0x00007ff8737d0000 	C:\WINDOWS\System32\IMM32.DLL
0x00007ff863ea0000 - 0x00007ff863eac000 	C:\Users\Michael Mendoza\JDK\jdk-16.0.1\bin\vcruntime140_1.dll
0x00007fffef280000 - 0x00007fffef311000 	C:\Users\Michael Mendoza\JDK\jdk-16.0.1\bin\msvcp140.dll
0x00007ffff0d50000 - 0x00007ffff18fb000 	C:\Users\Michael Mendoza\JDK\jdk-16.0.1\bin\server\jvm.dll
0x00007ff873f10000 - 0x00007ff873fbe000 	C:\WINDOWS\System32\ADVAPI32.dll
0x00007ff8741b0000 - 0x00007ff87424c000 	C:\WINDOWS\System32\sechost.dll
0x00007ff873910000 - 0x00007ff873a35000 	C:\WINDOWS\System32\RPCRT4.dll
0x00007ff873a40000 - 0x00007ff873a48000 	C:\WINDOWS\System32\PSAPI.DLL
0x00007ff85cf80000 - 0x00007ff85cfa7000 	C:\WINDOWS\SYSTEM32\WINMM.dll
0x00007ff85e830000 - 0x00007ff85e839000 	C:\WINDOWS\SYSTEM32\WSOCK32.dll
0x00007ff868630000 - 0x00007ff86863a000 	C:\WINDOWS\SYSTEM32\VERSION.dll
0x00007ff873fc0000 - 0x00007ff87402b000 	C:\WINDOWS\System32\WS2_32.dll
0x00007ff870e00000 - 0x00007ff870e12000 	C:\WINDOWS\SYSTEM32\kernel.appcore.dll
0x00007ff860220000 - 0x00007ff86022a000 	C:\Users\Michael Mendoza\JDK\jdk-16.0.1\bin\jimage.dll
0x00007ff86d1d0000 - 0x00007ff86d3b4000 	C:\WINDOWS\SYSTEM32\DBGHELP.DLL
0x00007ff859e30000 - 0x00007ff859e5c000 	C:\WINDOWS\SYSTEM32\dbgcore.DLL
0x00007ff8726c0000 - 0x00007ff872742000 	C:\WINDOWS\System32\bcryptPrimitives.dll
0x00007ff848f00000 - 0x00007ff848f25000 	C:\Users\Michael Mendoza\JDK\jdk-16.0.1\bin\java.dll

dbghelp: loaded successfully - version: 4.0.5 - missing functions: none
symbol engine: initialized successfully - sym options: 0x614 - pdb path: .;C:\Users\Michael Mendoza\JDK\jdk-16.0.1\bin;C:\WINDOWS\SYSTEM32;C:\WINDOWS\WinSxS\amd64_microsoft.windows.common-controls_6595b64144ccf1df_6.0.19041.1110_none_60b5254171f9507e;C:\Users\Michael Mendoza\JDK\jdk-16.0.1\bin\server

VM Arguments:
jvm_args: -Dcom.sun.management.jmxremote -Dcom.sun.management.jmxremote.port=64960 -Dcom.sun.management.jmxremote.authenticate=false -Dcom.sun.management.jmxremote.ssl=false -Djava.rmi.server.hostname=localhost -Dspring.jmx.enabled=true -Dspring.application.admin.enabled=true -XX:TieredStopAtLevel=1 -Dspring.boot.project.name=springboot-WCT -Dfile.encoding=UTF-8 -XX:+ShowCodeDetailsInExceptionMessages 
java_command: com.proyecto.SpringbootWctApplication
java_class_path (initial): D:\Ingenieria de Sistemas\Semestre VIII\Ing Software III\Proyecto Final\What-Cooks-Today\Backend\springboot-WCT\target\classes;C:\Users\Michael Mendoza\.m2\repository\org\springframework\boot\spring-boot-starter-data-jpa\2.6.6\spring-boot-starter-data-jpa-2.6.6.jar;C:\Users\Michael Mendoza\.m2\repository\org\springframework\boot\spring-boot-starter-aop\2.6.6\spring-boot-starter-aop-2.6.6.jar;C:\Users\Michael Mendoza\.m2\repository\org\springframework\spring-aop\5.3.18\spring-aop-5.3.18.jar;C:\Users\Michael Mendoza\.m2\repository\org\aspectj\aspectjweaver\1.9.7\aspectjweaver-1.9.7.jar;C:\Users\Michael Mendoza\.m2\repository\org\springframework\boot\spring-boot-starter-jdbc\2.6.6\spring-boot-starter-jdbc-2.6.6.jar;C:\Users\Michael Mendoza\.m2\repository\com\zaxxer\HikariCP\4.0.3\HikariCP-4.0.3.jar;C:\Users\Michael Mendoza\.m2\repository\org\springframework\spring-jdbc\5.3.18\spring-jdbc-5.3.18.jar;C:\Users\Michael Mendoza\.m2\repository\jakarta\transaction\jakarta.transaction-api\1.3.3\jakarta.transaction-api-1.3.3.jar;C:\Users\Michael Mendoza\.m2\repository\jakarta\persistence\jakarta.persistence-api\2.2.3\jakarta.persistence-api-2.2.3.jar;C:\Users\Michael Mendoza\.m2\repository\org\hibernate\hibernate-core\5.6.7.Final\hibernate-core-5.6.7.Final.jar;C:\Users\Michael Mendoza\.m2\repository\org\jboss\logging\jboss-logging\3.4.3.Final\jboss-logging-3.4.3.Final.jar;C:\Users\Michael Mendoza\.m2\repository\net\bytebuddy\byte-buddy\1.11.22\byte-buddy-1.11.22.jar;C:\Users\Michael Mendoza\.m2\repository\antlr\antlr\2.7.7\antlr-2.7.7.jar;C:\Users\Michael Mendoza\.m2\repository\org\jboss\jandex\2.4.2.Final\jandex-2.4.2.Final.jar;C:\Users\Michael Mendoza\.m2\repository\com\fasterxml\classmate\1.5.1\classmate-1.5.1.jar;C:\Users\Michael Mendoza\.m2\repository\org\hibernate\common\hibernate-commons-annotations\5.1.2.Final\hibernate-commons-annotations-5.1.2.Final.jar;C:\Users\Michael Mendoza\.m2\repository\org\glassfish\jaxb\jaxb-runtime\2.3.6\jaxb-runt
Launcher Type: SUN_STANDARD

[Global flags]
     intx CICompilerCount                          = 4                                         {product} {ergonomic}
     uint ConcGCThreads                            = 2                                         {product} {ergonomic}
     uint G1ConcRefinementThreads                  = 8                                         {product} {ergonomic}
   size_t G1HeapRegionSize                         = 1048576                                   {product} {ergonomic}
    uintx GCDrainStackTargetSize                   = 64                                        {product} {ergonomic}
   size_t InitialHeapSize                          = 62914560                                  {product} {ergonomic}
     bool ManagementServer                         = true                                      {product} {command line}
   size_t MarkStackSize                            = 4194304                                   {product} {ergonomic}
   size_t MaxHeapSize                              = 1000341504                                {product} {ergonomic}
   size_t MinHeapDeltaBytes                        = 1048576                                   {product} {ergonomic}
   size_t MinHeapSize                              = 8388608                                   {product} {ergonomic}
    uintx NonNMethodCodeHeapSize                   = 7549744                                {pd product} {ergonomic}
    uintx NonProfiledCodeHeapSize                  = 244108496                              {pd product} {ergonomic}
    uintx ProfiledCodeHeapSize                     = 0                                      {pd product} {ergonomic}
    uintx ReservedCodeCacheSize                    = 251658240                              {pd product} {ergonomic}
     bool SegmentedCodeCache                       = true                                      {product} {ergonomic}
     bool ShowCodeDetailsInExceptionMessages       = true                                   {manageable} {command line}
   size_t SoftMaxHeapSize                          = 1000341504                             {manageable} {ergonomic}
     intx TieredStopAtLevel                        = 1                                         {product} {command line}
     bool UseCompressedClassPointers               = true                           {product lp64_product} {ergonomic}
     bool UseCompressedOops                        = true                           {product lp64_product} {ergonomic}
     bool UseG1GC                                  = true                                      {product} {ergonomic}
     bool UseLargePagesIndividualAllocation        = false                                  {pd product} {ergonomic}

Logging:
Log output configuration:
 #0: stdout all=warning uptime,level,tags
 #1: stderr all=off uptime,level,tags

Environment Variables:
JAVA_HOME=C:\Users\Michael Mendoza\JDK\jdk-16.0.1
PATH=C:/Users/Michael Mendoza/JDK/jdk-16.0.1/bin/server;C:/Users/Michael Mendoza/JDK/jdk-16.0.1/bin;C:\Program Files (x86)\Common Files\Oracle\Java\javapath;C:\Program Files (x86)\Common Files\Intel\Shared Libraries\redist\intel64\compiler;C:\Windows\system32;C:\Windows;C:\Windows\System32\Wbem;C:\Windows\System32\WindowsPowerShell\v1.0\;C:\Windows\System32\OpenSSH\;C:\Program Files (x86)\NVIDIA Corporation\PhysX\Common;C:\Program Files\NVIDIA Corporation\NVIDIA NvDLISR;C:\Program Files\Git\cmd;C:\WINDOWS\system32;C:\WINDOWS;C:\WINDOWS\System32\Wbem;C:\WINDOWS\System32\WindowsPowerShell\v1.0\;C:\WINDOWS\System32\OpenSSH\;%NVM_HOME%;%NVM_SYMLINK%;C:\ProgramData\chocolatey\bin;C:\Program Files\nodejs\;C:\Program Files\PuTTY\;C:\Program Files\Docker\Docker\resources\bin;C:\ProgramData\DockerDesktop\version-bin;C:\Program Files\MySQL\MySQL Shell 8.0\bin\;C:\Users\Michael Mendoza\AppData\Local\Microsoft\WindowsApps;C:\Users\Michael Mendoza\AppData\Local\Programs\Microsoft VS Code\bin;C:\Users\Michael Mendoza\AppData\Local\hyper\app-3.0.2\resources\bin;C:\Users\Michael Mendoza\JDK\jdk-16.0.1\bin;C:\Users\Michael Mendoza\AppData\Roaming\nvm;C:\Program Files\nodejs;C:\Users\Michael Mendoza\AppData\Roaming\npm;C:\Users\Michael Mendoza\AppData\Roaming\TinyTeX\bin\win32;C:\Users\Michael Mendoza\Desktop;
USERNAME=Michael Mendoza
OS=Windows_NT
PROCESSOR_IDENTIFIER=Intel64 Family 6 Model 142 Stepping 12, GenuineIntel



---------------  S Y S T E M  ---------------

OS:
 Windows 10 , 64 bit Build 19041 (10.0.19041.1645)
OS uptime: 1 days 2:31 hours
Hyper-V role detected

CPU: total 8 (initial active 8) (4 cores per cpu, 2 threads per core) family 6 model 142 stepping 12 microcode 0xc6, cx8, cmov, fxsr, ht, mmx, 3dnowpref, sse, sse2, sse3, ssse3, sse4.1, sse4.2, popcnt, lzcnt, tsc, tscinvbit, avx, avx2, aes, erms, clmul, bmi1, bmi2, adx, fma, vzeroupper, clflush, clflushopt, hv

Memory: 4k page, system-wide physical 3812M (188M free)
TotalPageFile size 15588M (AvailPageFile size 32M)
current process WorkingSet (physical memory assigned to process): 9M, peak: 9M
current process commit charge ("private bytes"): 57M, peak: 117M

vm_info: OpenJDK 64-Bit Server VM (16.0.1+9-24) for windows-amd64 JRE (16.0.1+9-24), built on Mar 26 2021 19:30:07 by "mach5one" with MS VC++ 16.7 (VS2019)

END.
